<?xml version="1.0" encoding="UTF-8"?>
<!-- Generated by org.testng.reporters.JUnitXMLReporter -->
<testsuite hostname="sapc038" tests="4" failures="0" timestamp="19 Jul 2016 14:29:48 GMT" time="21.578" errors="0">
  <testcase name="method" time="5.795" classname="SearchGoogleTest"/>
  <testcase name="method" time="5.231" classname="SearchGoogleTest"/>
  <testcase name="method" time="5.202" classname="SearchGoogleTest"/>
  <testcase name="method" time="5.342" classname="SearchGoogleTest"/>
</testsuite>
